[debug] [2022-04-27T19:53:28.391Z] ----------------------------------------------------------------------
[debug] [2022-04-27T19:53:28.398Z] Command:       C:\Program Files\nodejs\node.exe C:\Program Files\Nodist\bin\node_modules\firebase-tools\lib\bin\firebase.js init
[debug] [2022-04-27T19:53:28.399Z] CLI Version:   10.7.1
[debug] [2022-04-27T19:53:28.399Z] Platform:      win32
[debug] [2022-04-27T19:53:28.400Z] Node Version:  v14.16.0
[debug] [2022-04-27T19:53:28.678Z] Time:          Wed Apr 27 2022 20:53:28 GMT+0100 (West Africa Standard Time)
[debug] [2022-04-27T19:53:28.678Z] ----------------------------------------------------------------------
[debug] 
[debug] [2022-04-27T19:53:28.892Z] > command requires scopes: ["email","openid","https://www.googleapis.com/auth/cloudplatformprojects.readonly","https://www.googleapis.com/auth/firebase","https://www.googleapis.com/auth/cloud-platform"]
[debug] [2022-04-27T19:53:28.892Z] > authorizing via signed-in user (taiwohusayn5@gmail.com)
[info] 
     ######## #### ########  ######## ########     ###     ######  ########
     ##        ##  ##     ## ##       ##     ##  ##   ##  ##       ##
     ######    ##  ########  ######   ########  #########  ######  ######
     ##        ##  ##    ##  ##       ##     ## ##     ##       ## ##
     ##       #### ##     ## ######## ########  ##     ##  ######  ########

You're about to initialize a Firebase project in this directory:

  C:\Users\Hatomusain\Desktop\Desktop_Icons\app-project-management

[info] 
=== Project Setup
[info] 
[info] First, let's associate this project directory with a Firebase project.
[info] You can create multiple project aliases by running firebase use --add, 
[info] but for now we'll just set up a default project.
[info] 
[debug] [2022-04-27T19:55:00.950Z] > refreshing access token with scopes: []
[debug] [2022-04-27T19:55:00.954Z] >>> HTTP REQUEST POST https://www.googleapis.com/oauth2/v3/token  
 <request body omitted>
[debug] [2022-04-27T20:06:36.046Z] ----------------------------------------------------------------------
[debug] [2022-04-27T20:06:36.052Z] Command:       C:\Program Files\nodejs\node.exe C:\Program Files\Nodist\bin\node_modules\firebase-tools\lib\bin\firebase.js init
[debug] [2022-04-27T20:06:36.054Z] CLI Version:   10.7.1
[debug] [2022-04-27T20:06:36.054Z] Platform:      win32
[debug] [2022-04-27T20:06:36.054Z] Node Version:  v14.16.0
[debug] [2022-04-27T20:06:36.056Z] Time:          Wed Apr 27 2022 21:06:36 GMT+0100 (West Africa Standard Time)
[debug] [2022-04-27T20:06:36.057Z] ----------------------------------------------------------------------
[debug] 
[debug] [2022-04-27T20:06:36.134Z] > command requires scopes: ["email","openid","https://www.googleapis.com/auth/cloudplatformprojects.readonly","https://www.googleapis.com/auth/firebase","https://www.googleapis.com/auth/cloud-platform"]
[debug] [2022-04-27T20:06:36.135Z] > authorizing via signed-in user (taiwohusayn5@gmail.com)
[info] 
     ######## #### ########  ######## ########     ###     ######  ########
     ##        ##  ##     ## ##       ##     ##  ##   ##  ##       ##
     ######    ##  ########  ######   ########  #########  ######  ######
     ##        ##  ##    ##  ##       ##     ## ##     ##       ## ##
     ##       #### ##     ## ######## ########  ##     ##  ######  ########

You're about to initialize a Firebase project in this directory:

  C:\Users\Hatomusain\Desktop\Desktop_Icons\app-project-management

[info] 
=== Project Setup
[info] 
[info] First, let's associate this project directory with a Firebase project.
[info] You can create multiple project aliases by running firebase use --add, 
[info] but for now we'll just set up a default project.
[info] 
[debug] [2022-04-27T20:07:01.862Z] > refreshing access token with scopes: []
[debug] [2022-04-27T20:07:01.862Z] >>> HTTP REQUEST POST https://www.googleapis.com/oauth2/v3/token  
 <request body omitted>
[debug] [2022-04-27T20:07:02.728Z] <<< HTTP RESPONSE 200 {"date":"Thu, 28 Apr 2022 03:40:03 GMT","expires":"Mon, 01 Jan 1990 00:00:00 GMT","cache-control":"no-cache, no-store, max-age=0, must-revalidate","pragma":"no-cache","content-type":"application/json; charset=utf-8","vary":"X-Origin, Referer, Origin,Accept-Encoding","server":"scaffolding on HTTPServer2","x-xss-protection":"0","x-frame-options":"SAMEORIGIN","x-content-type-options":"nosniff","alt-svc":"h3=\":443\"; ma=2592000,h3-29=\":443\"; ma=2592000,h3-Q050=\":443\"; ma=2592000,h3-Q046=\":443\"; ma=2592000,h3-Q043=\":443\"; ma=2592000,quic=\":443\"; ma=2592000; v=\"46,43\"","accept-ranges":"none","transfer-encoding":"chunked"}
[debug] [2022-04-27T20:07:02.850Z] >>> [apiv2][query] GET https://firebase.googleapis.com/v1beta1/projects pageSize=100
[debug] [2022-04-27T20:07:03.970Z] <<< [apiv2][status] GET https://firebase.googleapis.com/v1beta1/projects 200
[debug] [2022-04-27T20:07:03.970Z] <<< [apiv2][body] GET https://firebase.googleapis.com/v1beta1/projects [omitted]
[info] i  Using project cooolteams (cooolteams) 
[info] 
=== Firestore Setup
[debug] [2022-04-27T20:07:09.774Z] >>> [apiv2][query] GET https://serviceusage.googleapis.com/v1/projects/cooolteams/services/firestore.googleapis.com [none]
[debug] [2022-04-27T20:07:11.678Z] <<< [apiv2][status] GET https://serviceusage.googleapis.com/v1/projects/cooolteams/services/firestore.googleapis.com 200
[debug] [2022-04-27T20:07:11.693Z] <<< [apiv2][body] GET https://serviceusage.googleapis.com/v1/projects/cooolteams/services/firestore.googleapis.com [omitted]
[debug] [2022-04-27T20:07:11.693Z] > refreshing access token with scopes: ["email","https://www.googleapis.com/auth/cloud-platform","https://www.googleapis.com/auth/cloudplatformprojects.readonly","https://www.googleapis.com/auth/firebase","openid"]
[debug] [2022-04-27T20:07:11.693Z] >>> HTTP REQUEST POST https://www.googleapis.com/oauth2/v3/token  
 <request body omitted>
[debug] [2022-04-27T20:07:12.124Z] <<< HTTP RESPONSE 200 {"cache-control":"no-cache, no-store, max-age=0, must-revalidate","expires":"Mon, 01 Jan 1990 00:00:00 GMT","date":"Thu, 28 Apr 2022 03:40:12 GMT","pragma":"no-cache","content-type":"application/json; charset=utf-8","vary":"X-Origin, Referer, Origin,Accept-Encoding","server":"scaffolding on HTTPServer2","x-xss-protection":"0","x-frame-options":"SAMEORIGIN","x-content-type-options":"nosniff","alt-svc":"h3=\":443\"; ma=2592000,h3-29=\":443\"; ma=2592000,h3-Q050=\":443\"; ma=2592000,h3-Q046=\":443\"; ma=2592000,h3-Q043=\":443\"; ma=2592000,quic=\":443\"; ma=2592000; v=\"46,43\"","accept-ranges":"none","transfer-encoding":"chunked"}
[debug] [2022-04-27T20:07:12.274Z] >>> HTTP REQUEST GET https://appengine.googleapis.com/v1/apps/cooolteams  
 
[debug] [2022-04-27T20:07:13.468Z] <<< HTTP RESPONSE 200 {"content-type":"application/json; charset=UTF-8","vary":"X-Origin, Referer, Origin,Accept-Encoding","date":"Thu, 28 Apr 2022 03:40:14 GMT","server":"ESF","cache-control":"private","x-xss-protection":"0","x-frame-options":"SAMEORIGIN","x-content-type-options":"nosniff","alt-svc":"h3=\":443\"; ma=2592000,h3-29=\":443\"; ma=2592000,h3-Q050=\":443\"; ma=2592000,h3-Q046=\":443\"; ma=2592000,h3-Q043=\":443\"; ma=2592000,quic=\":443\"; ma=2592000; v=\"46,43\"","accept-ranges":"none","transfer-encoding":"chunked"}
[debug] [2022-04-27T20:07:13.484Z] database_type: CLOUD_FIRESTORE
[debug] [2022-04-27T20:07:13.484Z] > command requires scopes: ["email","openid","https://www.googleapis.com/auth/cloudplatformprojects.readonly","https://www.googleapis.com/auth/firebase","https://www.googleapis.com/auth/cloud-platform"]
[debug] [2022-04-27T20:07:13.484Z] > authorizing via signed-in user (taiwohusayn5@gmail.com)
[debug] [2022-04-27T20:07:13.484Z] [iam] checking project cooolteams for permissions ["firebase.projects.get"]
[debug] [2022-04-27T20:07:13.484Z] > refreshing access token with scopes: []
[debug] [2022-04-27T20:07:13.484Z] >>> HTTP REQUEST POST https://www.googleapis.com/oauth2/v3/token  
 <request body omitted>
[debug] [2022-04-27T20:07:13.907Z] <<< HTTP RESPONSE 200 {"cache-control":"no-cache, no-store, max-age=0, must-revalidate","expires":"Mon, 01 Jan 1990 00:00:00 GMT","date":"Thu, 28 Apr 2022 03:40:14 GMT","pragma":"no-cache","content-type":"application/json; charset=utf-8","vary":"X-Origin, Referer, Origin,Accept-Encoding","server":"scaffolding on HTTPServer2","x-xss-protection":"0","x-frame-options":"SAMEORIGIN","x-content-type-options":"nosniff","alt-svc":"h3=\":443\"; ma=2592000,h3-29=\":443\"; ma=2592000,h3-Q050=\":443\"; ma=2592000,h3-Q046=\":443\"; ma=2592000,h3-Q043=\":443\"; ma=2592000,quic=\":443\"; ma=2592000; v=\"46,43\"","accept-ranges":"none","transfer-encoding":"chunked"}
[debug] [2022-04-27T20:07:13.985Z] >>> [apiv2][query] POST https://cloudresourcemanager.googleapis.com/v1/projects/cooolteams:testIamPermissions [none]
[debug] [2022-04-27T20:07:13.985Z] >>> [apiv2][body] POST https://cloudresourcemanager.googleapis.com/v1/projects/cooolteams:testIamPermissions {"permissions":["firebase.projects.get"]}
[debug] [2022-04-27T20:07:15.589Z] <<< [apiv2][status] POST https://cloudresourcemanager.googleapis.com/v1/projects/cooolteams:testIamPermissions 200
[debug] [2022-04-27T20:07:15.589Z] <<< [apiv2][body] POST https://cloudresourcemanager.googleapis.com/v1/projects/cooolteams:testIamPermissions {"permissions":["firebase.projects.get"]}
[info] 
[info] Firestore Security Rules allow you to define how and when to allow
[info] requests. You can keep these rules in your project directory
[info] and publish them with firebase deploy.
[info] 
[debug] [2022-04-27T20:07:17.611Z] >>> [apiv2][query] GET https://firebaserules.googleapis.com/v1/projects/cooolteams/releases pageSize=10&pageToken=
[debug] [2022-04-27T20:07:18.655Z] <<< [apiv2][status] GET https://firebaserules.googleapis.com/v1/projects/cooolteams/releases 200
[debug] [2022-04-27T20:07:18.655Z] <<< [apiv2][body] GET https://firebaserules.googleapis.com/v1/projects/cooolteams/releases {"releases":[{"name":"projects/cooolteams/releases/cloud.firestore","rulesetName":"projects/cooolteams/rulesets/7f2b5c7c-fd6c-461f-b1eb-de8eb4fc42bf","createTime":"2022-04-28T03:10:10.037671Z","updateTime":"2022-04-28T03:10:10.037671Z"}]}
[debug] [2022-04-27T20:07:18.655Z] Found ruleset: projects/cooolteams/rulesets/7f2b5c7c-fd6c-461f-b1eb-de8eb4fc42bf
[debug] [2022-04-27T20:07:18.655Z] >>> [apiv2][query] GET https://firebaserules.googleapis.com/v1/projects/cooolteams/rulesets/7f2b5c7c-fd6c-461f-b1eb-de8eb4fc42bf [none]
[debug] [2022-04-27T20:07:19.876Z] <<< [apiv2][status] GET https://firebaserules.googleapis.com/v1/projects/cooolteams/rulesets/7f2b5c7c-fd6c-461f-b1eb-de8eb4fc42bf 200
[debug] [2022-04-27T20:07:19.876Z] <<< [apiv2][body] GET https://firebaserules.googleapis.com/v1/projects/cooolteams/rulesets/7f2b5c7c-fd6c-461f-b1eb-de8eb4fc42bf [omitted]
[info] 
[info] Firestore indexes allow you to perform complex queries while
[info] maintaining performance that scales with the size of the result
[info] set. You can keep index definitions in your project directory
[info] and publish them with firebase deploy.
[info] 
[debug] [2022-04-27T20:07:23.028Z] > refreshing access token with scopes: ["email","https://www.googleapis.com/auth/cloud-platform","https://www.googleapis.com/auth/cloudplatformprojects.readonly","https://www.googleapis.com/auth/firebase","openid"]
[debug] [2022-04-27T20:07:23.029Z] >>> HTTP REQUEST POST https://www.googleapis.com/oauth2/v3/token  
 <request body omitted>
[debug] [2022-04-27T20:07:23.030Z] > refreshing access token with scopes: ["email","https://www.googleapis.com/auth/cloud-platform","https://www.googleapis.com/auth/cloudplatformprojects.readonly","https://www.googleapis.com/auth/firebase","openid"]
[debug] [2022-04-27T20:07:23.030Z] >>> HTTP REQUEST POST https://www.googleapis.com/oauth2/v3/token  
 <request body omitted>
[debug] [2022-04-27T20:07:23.598Z] <<< HTTP RESPONSE 200 {"expires":"Mon, 01 Jan 1990 00:00:00 GMT","date":"Thu, 28 Apr 2022 03:40:24 GMT","cache-control":"no-cache, no-store, max-age=0, must-revalidate","pragma":"no-cache","content-type":"application/json; charset=utf-8","vary":"X-Origin, Referer, Origin,Accept-Encoding","server":"scaffolding on HTTPServer2","x-xss-protection":"0","x-frame-options":"SAMEORIGIN","x-content-type-options":"nosniff","alt-svc":"h3=\":443\"; ma=2592000,h3-29=\":443\"; ma=2592000,h3-Q050=\":443\"; ma=2592000,h3-Q046=\":443\"; ma=2592000,h3-Q043=\":443\"; ma=2592000,quic=\":443\"; ma=2592000; v=\"46,43\"","accept-ranges":"none","transfer-encoding":"chunked"}
[debug] [2022-04-27T20:07:23.783Z] >>> HTTP REQUEST GET https://firestore.googleapis.com/v1/projects/cooolteams/databases/(default)/collectionGroups/-/fields?filter=indexConfig.usesAncestorConfig=false  
 
[debug] [2022-04-27T20:07:23.784Z] <<< HTTP RESPONSE 200 {"pragma":"no-cache","expires":"Mon, 01 Jan 1990 00:00:00 GMT","cache-control":"no-cache, no-store, max-age=0, must-revalidate","date":"Thu, 28 Apr 2022 03:40:24 GMT","content-type":"application/json; charset=utf-8","vary":"X-Origin, Referer, Origin,Accept-Encoding","server":"scaffolding on HTTPServer2","x-xss-protection":"0","x-frame-options":"SAMEORIGIN","x-content-type-options":"nosniff","alt-svc":"h3=\":443\"; ma=2592000,h3-29=\":443\"; ma=2592000,h3-Q050=\":443\"; ma=2592000,h3-Q046=\":443\"; ma=2592000,h3-Q043=\":443\"; ma=2592000,quic=\":443\"; ma=2592000; v=\"46,43\"","accept-ranges":"none","transfer-encoding":"chunked"}
[debug] [2022-04-27T20:07:23.909Z] >>> HTTP REQUEST GET https://firestore.googleapis.com/v1/projects/cooolteams/databases/(default)/collectionGroups/-/indexes  
 
[debug] [2022-04-27T20:07:25.773Z] <<< HTTP RESPONSE 200 {"content-type":"application/json; charset=UTF-8","vary":"X-Origin, Referer, Origin,Accept-Encoding","date":"Thu, 28 Apr 2022 03:40:26 GMT","server":"ESF","cache-control":"private","x-xss-protection":"0","x-frame-options":"SAMEORIGIN","x-content-type-options":"nosniff","alt-svc":"h3=\":443\"; ma=2592000,h3-29=\":443\"; ma=2592000,h3-Q050=\":443\"; ma=2592000,h3-Q046=\":443\"; ma=2592000,h3-Q043=\":443\"; ma=2592000,quic=\":443\"; ma=2592000; v=\"46,43\"","accept-ranges":"none","transfer-encoding":"chunked"}
[debug] [2022-04-27T20:07:26.368Z] <<< HTTP RESPONSE 200 {"content-type":"application/json; charset=UTF-8","vary":"X-Origin, Referer, Origin,Accept-Encoding","date":"Thu, 28 Apr 2022 03:40:26 GMT","server":"ESF","cache-control":"private","x-xss-protection":"0","x-frame-options":"SAMEORIGIN","x-content-type-options":"nosniff","alt-svc":"h3=\":443\"; ma=2592000,h3-29=\":443\"; ma=2592000,h3-Q050=\":443\"; ma=2592000,h3-Q046=\":443\"; ma=2592000,h3-Q043=\":443\"; ma=2592000,quic=\":443\"; ma=2592000; v=\"46,43\"","accept-ranges":"none","transfer-encoding":"chunked"}
[info] 
=== Hosting Setup
[info] 
[info] Your public directory is the folder (relative to your project directory) that
[info] will contain Hosting assets to be uploaded with firebase deploy. If you
[info] have a build process for your assets, use your build's output directory.
[info] 
[debug] [2022-04-27T20:07:37.779Z] >>> [apiv2][query] GET https://www.gstatic.com/firebasejs/releases.json [none]
[debug] [2022-04-27T20:07:38.840Z] <<< [apiv2][status] GET https://www.gstatic.com/firebasejs/releases.json 200
[debug] [2022-04-27T20:07:38.840Z] <<< [apiv2][body] GET https://www.gstatic.com/firebasejs/releases.json {"current":{"version":"9.6.11","browserURL":"https://www.gstatic.com/firebasejs/9.6.11/firebase.js","packageURL":"https://www.gstatic.com/firebasejs/9.6.11/firebase.tgz"},"live":{"version":"9.6","browserURL":"https://www.gstatic.com/firebasejs/live/9.6/firebase.js","packageURL":"https://www.gstatic.com/firebasejs/live/9.6/firebase.tgz"},"components":{"analytics":"https://www.gstatic.com/firebasejs/9.6.11/firebase-analytics.js","app":"https://www.gstatic.com/firebasejs/9.6.11/firebase-app.js","app-check":"https://www.gstatic.com/firebasejs/9.6.11/firebase-app-check.js","auth":"https://www.gstatic.com/firebasejs/9.6.11/firebase-auth.js","auth/cordova":"https://www.gstatic.com/firebasejs/9.6.11/firebase-auth/cordova.js","auth/react-native":"https://www.gstatic.com/firebasejs/9.6.11/firebase-auth/react-native.js","functions":"https://www.gstatic.com/firebasejs/9.6.11/firebase-functions.js","firestore":"https://www.gstatic.com/firebasejs/9.6.11/firebase-firestore.js","firestore/lite":"https://www.gstatic.com/firebasejs/9.6.11/firebase-firestore/lite.js","storage":"https://www.gstatic.com/firebasejs/9.6.11/firebase-storage.js","performance":"https://www.gstatic.com/firebasejs/9.6.11/firebase-performance.js","remote-config":"https://www.gstatic.com/firebasejs/9.6.11/firebase-remote-config.js","messaging":"https://www.gstatic.com/firebasejs/9.6.11/firebase-messaging.js","messaging/sw":"https://www.gstatic.com/firebasejs/9.6.11/firebase-messaging/sw.js","database":"https://www.gstatic.com/firebasejs/9.6.11/firebase-database.js","firestore.memory":"https://www.gstatic.com/firebasejs/9.6.11/firebase-firestore.memory.js"}}
[info] +  Wrote build/index.html 
[info] 
=== Storage Setup
[info] 
[info] Firebase Storage Security Rules allow you to define how and when to allow
[info] uploads and downloads. You can keep these rules in your project directory
[info] and publish them with firebase deploy.
[info] 
[info] +  Wrote storage.rules 
[info] 
[info] i  Writing configuration info to firebase.json... 
[info] i  Writing project information to .firebaserc... 
[info] 
[info] +  Firebase initialization complete! 
